<?xml version="1.0" encoding="UTF-8"?>
<!-- Generated by org.testng.reporters.JUnitReportReporter -->
<testsuite skipped="1" hostname="LAPTOP-FJGSJ5SK" name="tests.LoginTests" tests="2" failures="0" timestamp="2023-02-21T12:05:28 IST" time="1.973" errors="0">
  <testcase name="invalidLoginTest_EmptyUserEmptyPassword" time="1.973" classname="tests.LoginTests"/>
  <system-out/>
  <testcase name="validLoginTest" classname="tests.LoginTests">
    <skipped/>
  </testcase> <!-- validLoginTest -->
  <system-out/>
</testsuite> <!-- tests.LoginTests -->
