<?xml version="1.0" encoding="UTF-8"?>
<!-- Generated by org.testng.reporters.JUnitReportReporter -->
<testsuite skipped="0" hostname="LAPTOP-FJGSJ5SK" name="tests.CreateLead" tests="1" failures="0" timestamp="2023-01-11T15:49:36 IST" time="32.883" errors="0">
  <testcase name="createLead" time="32.883" classname="tests.CreateLead"/>
  <system-out/>
</testsuite> <!-- tests.CreateLead -->
