<?xml version="1.0" encoding="UTF-8"?>
<!-- Generated by org.testng.reporters.JUnitReportReporter -->
<testsuite skipped="0" hostname="DELL" name="com.info.TestRunner.Annotations" tests="2" failures="0" timestamp="09 Jul 2017 06:43:26 GMT" time="0.018" errors="0">
  <testcase name="testCase1" time="0.016" classname="com.info.TestRunner.Annotations"/>
  <testcase name="testCase2" time="0.002" classname="com.info.TestRunner.Annotations"/>
</testsuite> <!-- com.info.TestRunner.Annotations -->
