<?xml version="1.0" encoding="UTF-8"?>
<!-- Generated by org.testng.reporters.JUnitReportReporter -->
<testsuite skipped="0" hostname="DELL" name="com.info.TestRunner.ParallelExecution" tests="2" failures="0" timestamp="23 Jul 2017 18:13:22 GMT" time="55.550" errors="0">
  <testcase name="ParallelExecution" time="27.282" classname="com.info.TestRunner.ParallelExecution"/>
  <testcase name="ParallelExecution" time="28.268" classname="com.info.TestRunner.ParallelExecution"/>
</testsuite> <!-- com.info.TestRunner.ParallelExecution -->
